Loading fashion-mnist data... done
Loading model...[23:14:12] src/nnvm/legacy_json_util.cc:209: Loading symbol saved by previous version v0.11.0. Attempting to upgrade...
[23:14:12] src/nnvm/legacy_json_util.cc:217: Symbol successfully upgraded!
==2819397== NVPROF is profiling process 2819397, command: python2 submit/submission.py
 done
New Inference
Op Time: 0.031493
Op Time: 0.073654
Correctness: 0.7955 Model: eecs498
==2819397== Profiling application: python2 submit/submission.py
==2819397== Profiling result:
            Type  Time(%)      Time     Calls       Avg       Min       Max  Name
 GPU activities:   42.07%  73.638ms         1  73.638ms  73.638ms  73.638ms  mxnet::op::Matmul_tiled_2(float const *, float const *, float*, int, int, int, int, int, int, int)
                   24.94%  43.658ms         8  5.4573ms  1.1200us  41.536ms  [CUDA memcpy HtoD]
                   17.97%  31.460ms         1  31.460ms  31.460ms  31.460ms  mxnet::op::Matmul_tiled_1(float const *, float const *, float*, int, int, int, int, int, int, int)
                    6.38%  11.162ms         2  5.5812ms  1.9095ms  9.2528ms  void mshadow::cuda::MapPlanLargeKernel<mshadow::sv::saveto, int=8, int=1024, mshadow::expr::Plan<mshadow::Tensor<mshadow::gpu, int=4, float>, float>, mshadow::expr::Plan<mshadow::expr::BinaryMapExp<mshadow::op::mul, mshadow::expr::ScalarExp<float>, mshadow::Tensor<mshadow::gpu, int=4, float>, float, int=1>, float>>(mshadow::gpu, unsigned int, mshadow::Shape<int=2>, int=4, int)
                    3.40%  5.9494ms         1  5.9494ms  5.9494ms  5.9494ms  volta_sgemm_32x32_sliced1x4_tn
                    3.06%  5.3545ms         2  2.6773ms  19.616us  5.3349ms  void op_generic_tensor_kernel<int=1, float, float, float, int=256, cudnnGenericOp_t=7, cudnnNanPropagation_t=0, int=1>(cudnnTensorStruct, float*, cudnnTensorStruct, float const *, cudnnTensorStruct, float const *, float, float, float, cudnnActivationStruct, reducedDivisorArray, int)
                    1.88%  3.2903ms         1  3.2903ms  3.2903ms  3.2903ms  void cudnn::ops::pooling_fw_4d_kernel<float, float, cudnn::maxpooling_func<float, float, cudnnNanPropagation_t=0>, cudnnPoolingMode_t=0, bool=0>(cudnnTensorStruct, float const *, cudnn::ops::pooling_fw_4d_kernel<float, float, cudnn::maxpooling_func<float, float, cudnnNanPropagation_t=0>, cudnnPoolingMode_t=0, bool=0>, cudnnTensorStruct*, cudnnPoolingStruct, float, cudnnPoolingStruct, int, cudnn::reduced_divisor, float)
                    0.18%  319.65us         1  319.65us  319.65us  319.65us  void mshadow::cuda::MapPlanLargeKernel<mshadow::sv::saveto, int=8, int=1024, mshadow::expr::Plan<mshadow::Tensor<mshadow::gpu, int=2, float>, float>, mshadow::expr::Plan<mshadow::expr::ScalarExp<float>, float>>(mshadow::gpu, unsigned int, mshadow::Shape<int=2>, int=2, int)
                    0.04%  74.561us        13  5.7350us  2.5280us  22.048us  void mshadow::cuda::MapPlanKernel<mshadow::sv::saveto, int=8, mshadow::expr::Plan<mshadow::Tensor<mshadow::gpu, int=2, float>, float>, mshadow::expr::Plan<mshadow::expr::ScalarExp<float>, float>>(mshadow::gpu, unsigned int, mshadow::Shape<int=2>, int=2)
                    0.03%  55.104us         1  55.104us  55.104us  55.104us  void mshadow::cuda::SoftmaxKernel<int=8, float, mshadow::expr::Plan<mshadow::Tensor<mshadow::gpu, int=2, float>, float>, mshadow::expr::Plan<mshadow::Tensor<mshadow::gpu, int=2, float>, float>>(mshadow::gpu, int=2, unsigned int)
                    0.02%  27.389us         8  3.4230us  3.1990us  4.0320us  [CUDA memset]
                    0.01%  21.951us         1  21.951us  21.951us  21.951us  volta_sgemm_32x128_tn
                    0.01%  21.727us         2  10.863us  3.7750us  17.952us  void mshadow::cuda::MapPlanKernel<mshadow::sv::plusto, int=8, mshadow::expr::Plan<mshadow::Tensor<mshadow::gpu, int=2, float>, float>, mshadow::expr::Plan<mshadow::expr::Broadcast1DExp<mshadow::Tensor<mshadow::gpu, int=1, float>, float, int=2, int=1>, float>>(mshadow::gpu, unsigned int, mshadow::Shape<int=2>, int=2)
                    0.00%  5.4080us         1  5.4080us  5.4080us  5.4080us  [CUDA memcpy DtoH]
                    0.00%  5.3440us         1  5.3440us  5.3440us  5.3440us  void mshadow::cuda::MapPlanKernel<mshadow::sv::saveto, int=8, mshadow::expr::Plan<mshadow::Tensor<mshadow::gpu, int=2, float>, float>, mshadow::expr::Plan<mshadow::expr::ReduceWithAxisExp<mshadow::red::maximum, mshadow::Tensor<mshadow::gpu, int=3, float>, float, int=3, bool=1, int=2>, float>>(mshadow::gpu, unsigned int, mshadow::Shape<int=2>, int=2)
      API calls:   58.75%  2.91370s        22  132.44ms  9.8640us  2.90824s  cudaMemGetInfo
                   22.00%  1.09096s        17  64.174ms     578ns  514.06ms  cudaFree
                   13.85%  686.71ms        22  31.214ms  2.7770us  242.97ms  cudaStreamCreateWithFlags
                    2.34%  116.28ms         6  19.379ms  1.9780us  73.642ms  cudaDeviceSynchronize
                    1.51%  74.923ms         9  8.3247ms  3.8390us  44.193ms  cudaMemcpy2DAsync
                    0.68%  33.504ms        17  1.9708ms  7.7460us  8.8618ms  cuModuleUnload
                    0.30%  14.919ms         4  3.7298ms  6.2220us  14.815ms  cudaStreamCreate
                    0.28%  13.758ms        29  474.41us  1.4350us  7.3683ms  cudaStreamSynchronize
                    0.21%  10.188ms        66  154.37us  2.4860us  2.1846ms  cudaMalloc
                    0.02%  1.1694ms         2  584.72us  15.074us  1.1544ms  cudaHostAlloc
                    0.02%  908.29us         6  151.38us  135.11us  167.08us  cudaGetDeviceProperties
                    0.02%  864.64us       493  1.7530us     131ns  78.899us  cuDeviceGetAttribute
                    0.01%  400.34us      1500     266ns     137ns  4.8320us  cuGetProcAddress
                    0.01%  321.85us        27  11.920us  4.1390us  33.628us  cudaLaunchKernel
                    0.00%  188.67us       240     786ns     415ns  10.381us  cudaEventCreateWithFlags
                    0.00%  118.62us         8  14.827us  4.2700us  50.575us  cudaMemsetAsync
                    0.00%  71.587us        29  2.4680us     359ns  12.226us  cudaSetDevice
                    0.00%  66.615us         5  13.323us  7.7710us  21.193us  cuDeviceGetName
                    0.00%  54.987us         8  6.8730us  2.6940us  28.235us  cudaStreamCreateWithPriority
                    0.00%  34.966us        70     499ns     271ns  6.8470us  cudaDeviceGetAttribute
                    0.00%  32.761us        21  1.5600us     287ns  8.8370us  cudaGetDevice
                    0.00%  14.230us         3  4.7430us     520ns  10.634us  cudaOccupancyMaxActiveBlocksPerMultiprocessorWithFlags
                    0.00%  13.938us         6  2.3230us     691ns  9.2930us  cudaEventCreate
                    0.00%  11.574us         4  2.8930us  2.3590us  3.1580us  cuInit
                    0.00%  8.3900us         2  4.1950us  2.0800us  6.3100us  cudaEventRecord
                    0.00%  8.0190us         4  2.0040us     517ns  4.1730us  cudaGetDeviceCount
                    0.00%  7.2430us         1  7.2430us  7.2430us  7.2430us  cuDeviceGetPCIBusId
                    0.00%  3.9450us        20     197ns     148ns     316ns  cudaPeekAtLastError
                    0.00%  3.2180us         4     804ns     487ns  1.1860us  cudaDeviceGetStreamPriorityRange
                    0.00%  3.2020us         6     533ns     176ns  1.6980us  cuDeviceGet
                    0.00%  2.9460us         2  1.4730us  1.1030us  1.8430us  cudaStreamIsCapturing
                    0.00%  2.8930us         2  1.4460us  1.0150us  1.8780us  cudaHostGetDevicePointer
                    0.00%  2.2610us         5     452ns     407ns     499ns  cuDeviceTotalMem
                    0.00%  2.1660us         7     309ns     164ns     841ns  cuDeviceGetCount
                    0.00%  1.6040us         2     802ns     548ns  1.0560us  cudaStreamGetPriority
                    0.00%  1.4600us         5     292ns     264ns     331ns  cudaGetLastError
                    0.00%  1.2420us         1  1.2420us  1.2420us  1.2420us  cudaGetSymbolAddress
                    0.00%  1.1090us         5     221ns     204ns     256ns  cuDeviceGetUuid
                    0.00%     790ns         4     197ns     164ns     222ns  cuDriverGetVersion
                    0.00%     752ns         2     376ns     375ns     377ns  cudaDriverGetVersion
                    0.00%     657ns         1     657ns     657ns     657ns  cuDevicePrimaryCtxRelease

